[2023-11-01T20:32:23.023Z] [org.springframework.boot.StartupInfoLogger] [main] [55] [INFO ] Starting Session1Application using Java 14.0.2 on TRUNGHV with PID 3504 (D:\Rikkei\HN-PTONJV230306\SpringBoot\SourceCode\spring-boot-session1\build\classes\java\main started by TRUNGHV in D:\Rikkei\HN-PTONJV230306\SpringBoot\SourceCode\spring-boot-session1)
[2023-11-01T20:32:23.023Z] [org.springframework.boot.SpringApplication] [main] [631] [INFO ] No active profile set, falling back to 1 default profile: "default"
[2023-11-01T20:32:25.025Z] [org.springframework.data.repository.config.RepositoryConfigurationDelegate] [main] [132] [INFO ] Bootstrapping Spring Data JPA repositories in DEFAULT mode.
[2023-11-01T20:32:25.025Z] [org.springframework.data.repository.config.RepositoryConfigurationDelegate] [main] [201] [INFO ] Finished Spring Data repository scanning in 172 ms. Found 5 JPA repository interfaces.
[2023-11-01T20:32:27.027Z] [org.springframework.boot.web.embedded.tomcat.TomcatWebServer] [main] [108] [INFO ] Tomcat initialized with port(s): 8181 (http)
[2023-11-01T20:32:27.027Z] [org.apache.juli.logging.DirectJDKLog] [main] [173] [INFO ] Initializing ProtocolHandler ["http-nio-8181"]
[2023-11-01T20:32:27.027Z] [org.apache.juli.logging.DirectJDKLog] [main] [173] [INFO ] Starting service [Tomcat]
[2023-11-01T20:32:27.027Z] [org.apache.juli.logging.DirectJDKLog] [main] [173] [INFO ] Starting Servlet engine: [Apache Tomcat/9.0.80]
[2023-11-01T20:32:27.027Z] [org.apache.juli.logging.DirectJDKLog] [main] [173] [INFO ] Initializing Spring embedded WebApplicationContext
[2023-11-01T20:32:27.027Z] [org.springframework.boot.web.servlet.context.ServletWebServerApplicationContext] [main] [292] [INFO ] Root WebApplicationContext: initialization completed in 4228 ms
[2023-11-01T20:32:28.028Z] [org.hibernate.jpa.internal.util.LogHelper] [main] [31] [INFO ] HHH000204: Processing PersistenceUnitInfo [name: default]
[2023-11-01T20:32:28.028Z] [org.hibernate.Version] [main] [44] [INFO ] HHH000412: Hibernate ORM core version 5.6.15.Final
[2023-11-01T20:32:28.028Z] [org.hibernate.annotations.common.reflection.java.JavaReflectionManager] [main] [56] [INFO ] HCANN000001: Hibernate Commons Annotations {5.1.2.Final}
[2023-11-01T20:32:28.028Z] [com.zaxxer.hikari.HikariDataSource] [main] [110] [INFO ] HikariPool-1 - Starting...
[2023-11-01T20:32:48.048Z] [com.zaxxer.hikari.HikariDataSource] [main] [123] [INFO ] HikariPool-1 - Start completed.
[2023-11-01T20:32:48.048Z] [org.hibernate.dialect.Dialect] [main] [175] [INFO ] HHH000400: Using dialect: org.hibernate.dialect.MySQL57Dialect
[2023-11-01T20:32:49.049Z] [org.hibernate.engine.transaction.jta.platform.internal.JtaPlatformInitiator] [main] [52] [INFO ] HHH000490: Using JtaPlatform implementation: [org.hibernate.engine.transaction.jta.platform.internal.NoJtaPlatform]
[2023-11-01T20:32:49.049Z] [org.springframework.orm.jpa.AbstractEntityManagerFactoryBean] [main] [437] [INFO ] Initialized JPA EntityManagerFactory for persistence unit 'default'
[2023-11-01T20:32:50.050Z] [org.springframework.boot.autoconfigure.orm.jpa.JpaBaseConfiguration$JpaWebConfiguration] [main] [223] [WARN ] spring.jpa.open-in-view is enabled by default. Therefore, database queries may be performed during view rendering. Explicitly configure spring.jpa.open-in-view to disable this warning
[2023-11-01T20:32:52.052Z] [org.springframework.security.web.DefaultSecurityFilterChain] [main] [55] [INFO ] Will secure any request with [org.springframework.security.web.session.DisableEncodeUrlFilter@2ea0161f, org.springframework.security.web.context.request.async.WebAsyncManagerIntegrationFilter@1f235a0a, org.springframework.security.web.context.SecurityContextPersistenceFilter@606f0f70, org.springframework.security.web.header.HeaderWriterFilter@386f88b3, org.springframework.security.web.authentication.logout.LogoutFilter@46eb2260, com.ra.config.JwtFilter@29e3c28, org.springframework.security.web.savedrequest.RequestCacheAwareFilter@7fdf7359, org.springframework.security.web.servletapi.SecurityContextHolderAwareRequestFilter@e2498a3, org.springframework.security.web.authentication.AnonymousAuthenticationFilter@75d402d4, org.springframework.security.web.session.SessionManagementFilter@2f8ab988, org.springframework.security.web.access.ExceptionTranslationFilter@c4ca86a, org.springframework.security.web.access.intercept.FilterSecurityInterceptor@1fcf73b9]
[2023-11-01T20:32:53.053Z] [org.apache.juli.logging.DirectJDKLog] [main] [173] [INFO ] Starting ProtocolHandler ["http-nio-8181"]
[2023-11-01T20:32:53.053Z] [org.springframework.boot.web.embedded.tomcat.TomcatWebServer] [main] [220] [INFO ] Tomcat started on port(s): 8181 (http) with context path ''
[2023-11-01T20:32:53.053Z] [org.springframework.boot.StartupInfoLogger] [main] [61] [INFO ] Started Session1Application in 30.805 seconds (JVM running for 35.328)
[2023-11-01T20:36:17.017Z] [org.apache.juli.logging.DirectJDKLog] [http-nio-8181-exec-1] [173] [INFO ] Initializing Spring DispatcherServlet 'dispatcherServlet'
[2023-11-01T20:36:17.017Z] [org.springframework.web.servlet.FrameworkServlet] [http-nio-8181-exec-1] [525] [INFO ] Initializing Servlet 'dispatcherServlet'
[2023-11-01T20:36:17.017Z] [org.springframework.web.servlet.FrameworkServlet] [http-nio-8181-exec-1] [547] [INFO ] Completed initialization in 9 ms
[2023-11-01T20:41:41.041Z] [org.springframework.orm.jpa.AbstractEntityManagerFactoryBean] [SpringApplicationShutdownHook] [651] [INFO ] Closing JPA EntityManagerFactory for persistence unit 'default'
[2023-11-01T20:41:41.041Z] [com.zaxxer.hikari.HikariDataSource] [SpringApplicationShutdownHook] [350] [INFO ] HikariPool-1 - Shutdown initiated...
[2023-11-01T20:41:42.042Z] [com.zaxxer.hikari.HikariDataSource] [SpringApplicationShutdownHook] [352] [INFO ] HikariPool-1 - Shutdown completed.
[2023-11-01T20:44:33.033Z] [org.springframework.boot.StartupInfoLogger] [main] [55] [INFO ] Starting Session1Application using Java 14.0.2 on TRUNGHV with PID 1388 (D:\Rikkei\HN-PTONJV230306\SpringBoot\SourceCode\spring-boot-session1\build\classes\java\main started by TRUNGHV in D:\Rikkei\HN-PTONJV230306\SpringBoot\SourceCode\spring-boot-session1)
[2023-11-01T20:44:33.033Z] [org.springframework.boot.SpringApplication] [main] [631] [INFO ] No active profile set, falling back to 1 default profile: "default"
[2023-11-01T20:44:37.037Z] [org.springframework.data.repository.config.RepositoryConfigurationDelegate] [main] [132] [INFO ] Bootstrapping Spring Data JPA repositories in DEFAULT mode.
[2023-11-01T20:44:37.037Z] [org.springframework.data.repository.config.RepositoryConfigurationDelegate] [main] [201] [INFO ] Finished Spring Data repository scanning in 124 ms. Found 5 JPA repository interfaces.
[2023-11-01T20:44:38.038Z] [org.springframework.boot.web.embedded.tomcat.TomcatWebServer] [main] [108] [INFO ] Tomcat initialized with port(s): 8181 (http)
[2023-11-01T20:44:38.038Z] [org.apache.juli.logging.DirectJDKLog] [main] [173] [INFO ] Initializing ProtocolHandler ["http-nio-8181"]
[2023-11-01T20:44:38.038Z] [org.apache.juli.logging.DirectJDKLog] [main] [173] [INFO ] Starting service [Tomcat]
[2023-11-01T20:44:38.038Z] [org.apache.juli.logging.DirectJDKLog] [main] [173] [INFO ] Starting Servlet engine: [Apache Tomcat/9.0.80]
[2023-11-01T20:44:38.038Z] [org.apache.juli.logging.DirectJDKLog] [main] [173] [INFO ] Initializing Spring embedded WebApplicationContext
[2023-11-01T20:44:38.038Z] [org.springframework.boot.web.servlet.context.ServletWebServerApplicationContext] [main] [292] [INFO ] Root WebApplicationContext: initialization completed in 4648 ms
[2023-11-01T20:44:38.038Z] [org.hibernate.jpa.internal.util.LogHelper] [main] [31] [INFO ] HHH000204: Processing PersistenceUnitInfo [name: default]
[2023-11-01T20:44:39.039Z] [org.hibernate.Version] [main] [44] [INFO ] HHH000412: Hibernate ORM core version 5.6.15.Final
[2023-11-01T20:44:39.039Z] [org.hibernate.annotations.common.reflection.java.JavaReflectionManager] [main] [56] [INFO ] HCANN000001: Hibernate Commons Annotations {5.1.2.Final}
[2023-11-01T20:44:39.039Z] [com.zaxxer.hikari.HikariDataSource] [main] [110] [INFO ] HikariPool-1 - Starting...
[2023-11-01T20:44:45.045Z] [com.zaxxer.hikari.HikariDataSource] [main] [123] [INFO ] HikariPool-1 - Start completed.
[2023-11-01T20:44:45.045Z] [org.hibernate.dialect.Dialect] [main] [175] [INFO ] HHH000400: Using dialect: org.hibernate.dialect.MySQL57Dialect
[2023-11-01T20:44:46.046Z] [org.hibernate.engine.transaction.jta.platform.internal.JtaPlatformInitiator] [main] [52] [INFO ] HHH000490: Using JtaPlatform implementation: [org.hibernate.engine.transaction.jta.platform.internal.NoJtaPlatform]
[2023-11-01T20:44:46.046Z] [org.springframework.orm.jpa.AbstractEntityManagerFactoryBean] [main] [437] [INFO ] Initialized JPA EntityManagerFactory for persistence unit 'default'
[2023-11-01T20:44:46.046Z] [org.springframework.boot.autoconfigure.orm.jpa.JpaBaseConfiguration$JpaWebConfiguration] [main] [223] [WARN ] spring.jpa.open-in-view is enabled by default. Therefore, database queries may be performed during view rendering. Explicitly configure spring.jpa.open-in-view to disable this warning
[2023-11-01T20:44:47.047Z] [org.springframework.security.web.DefaultSecurityFilterChain] [main] [55] [INFO ] Will secure any request with [org.springframework.security.web.session.DisableEncodeUrlFilter@1f02b6d1, org.springframework.security.web.context.request.async.WebAsyncManagerIntegrationFilter@66a50c93, org.springframework.security.web.context.SecurityContextPersistenceFilter@6d7772d3, org.springframework.security.web.header.HeaderWriterFilter@66851aa5, org.springframework.security.web.authentication.logout.LogoutFilter@e2498a3, com.ra.config.JwtFilter@1ee6434, org.springframework.security.web.savedrequest.RequestCacheAwareFilter@37d3e740, org.springframework.security.web.servletapi.SecurityContextHolderAwareRequestFilter@662e5590, org.springframework.security.web.authentication.AnonymousAuthenticationFilter@5bddd141, org.springframework.security.web.session.SessionManagementFilter@8ab231, org.springframework.security.web.access.ExceptionTranslationFilter@3662c887, org.springframework.security.web.access.intercept.FilterSecurityInterceptor@63e0057a]
[2023-11-01T20:44:48.048Z] [org.apache.juli.logging.DirectJDKLog] [main] [173] [INFO ] Starting ProtocolHandler ["http-nio-8181"]
[2023-11-01T20:44:48.048Z] [org.springframework.boot.web.embedded.tomcat.TomcatWebServer] [main] [220] [INFO ] Tomcat started on port(s): 8181 (http) with context path ''
[2023-11-01T20:44:48.048Z] [org.springframework.boot.StartupInfoLogger] [main] [61] [INFO ] Started Session1Application in 15.475 seconds (JVM running for 18.128)
[2023-11-01T20:45:01.001Z] [org.apache.juli.logging.DirectJDKLog] [http-nio-8181-exec-1] [173] [INFO ] Initializing Spring DispatcherServlet 'dispatcherServlet'
[2023-11-01T20:45:01.001Z] [org.springframework.web.servlet.FrameworkServlet] [http-nio-8181-exec-1] [525] [INFO ] Initializing Servlet 'dispatcherServlet'
[2023-11-01T20:45:01.001Z] [org.springframework.web.servlet.FrameworkServlet] [http-nio-8181-exec-1] [547] [INFO ] Completed initialization in 4 ms
[2023-11-01T20:45:01.001Z] [com.ra.aspect.LogAspect] [http-nio-8181-exec-1] [23] [INFO ] Start class com.ra.api.AuthenticationApi.getToken with params: [TokenRequest(username=customer, password=123456)]
[2023-11-01T20:45:10.010Z] [com.ra.aspect.LogAspect] [http-nio-8181-exec-3] [23] [INFO ] Start class com.ra.api.AuthenticationApi.getToken with params: [TokenRequest(username=customer, password=123456)]
[2023-11-01T20:45:11.011Z] [com.ra.aspect.LogAspect] [http-nio-8181-exec-1] [28] [INFO ] End class com.ra.api.AuthenticationApi.getToken return: <200 OK OK,TokenResponse(token=eyJhbGciOiJIUzUxMiJ9.eyJzdWIiOiJjdXN0b21lciIsImlhdCI6MTY5ODg0NjMxMSwiZXhwIjoxNjk4ODQ2NDMxfQ.KhXih33tn9JS7xITm3m_vuo6bCyhS_I_4d4empiXFhLTz3F1XB4jhd_pksZ1gClQNRzbs5v0XRc8-t0nulsrOA, tokenType=Bearer),[]>
[2023-11-01T20:45:11.011Z] [com.ra.aspect.LogAspect] [http-nio-8181-exec-3] [28] [INFO ] End class com.ra.api.AuthenticationApi.getToken return: <200 OK OK,TokenResponse(token=eyJhbGciOiJIUzUxMiJ9.eyJzdWIiOiJjdXN0b21lciIsImlhdCI6MTY5ODg0NjMxMSwiZXhwIjoxNjk4ODQ2NDMxfQ.KhXih33tn9JS7xITm3m_vuo6bCyhS_I_4d4empiXFhLTz3F1XB4jhd_pksZ1gClQNRzbs5v0XRc8-t0nulsrOA, tokenType=Bearer),[]>
[2023-11-01T20:49:51.051Z] [com.ra.aspect.LogAspect] [http-nio-8181-exec-6] [23] [INFO ] Start class com.ra.api.AuthenticationApi.getToken with params: [TokenRequest(username=customer, password=123456)]
[2023-11-01T20:49:51.051Z] [com.ra.aspect.LogAspect] [http-nio-8181-exec-6] [28] [INFO ] End class com.ra.api.AuthenticationApi.getToken return: <200 OK OK,TokenResponse(token=eyJhbGciOiJIUzUxMiJ9.eyJzdWIiOiJjdXN0b21lciIsImlhdCI6MTY5ODg0NjU5MSwiZXhwIjoxNjk4ODQ2NzExfQ.gYMwZIiMf73Z6sXKB5j3Bryfcm-00AscFvF7GBb-JYzuYYxj2Dx46youQ5DM9qPvAzY-tBSUYCTVk5yc1YkG9g, tokenType=Bearer),[]>
[2023-11-01T20:49:55.055Z] [com.ra.aspect.LogAspect] [http-nio-8181-exec-8] [23] [INFO ] Start class com.ra.api.AuthenticationApi.getToken with params: [TokenRequest(username=customer, password=123456)]
[2023-11-01T20:49:56.056Z] [com.ra.aspect.LogAspect] [http-nio-8181-exec-8] [28] [INFO ] End class com.ra.api.AuthenticationApi.getToken return: <200 OK OK,TokenResponse(token=eyJhbGciOiJIUzUxMiJ9.eyJzdWIiOiJjdXN0b21lciIsImlhdCI6MTY5ODg0NjU5NiwiZXhwIjoxNjk4ODQ2NzE2fQ.-PLYQfJ0IuGrqeSVDEMBf7UuG8L5T0rHNu_laH7n48ZNdwsl-EYe0mYWYJiYRlZnHNfv6jPy6YxmSO7YB16K8Q, tokenType=Bearer),[]>
[2023-11-01T20:53:12.012Z] [com.ra.aspect.LogAspect] [http-nio-8181-exec-1] [23] [INFO ] Start class com.ra.api.AuthenticationApi.getToken with params: [TokenRequest(username=customer, password=123456)]
[2023-11-01T20:53:13.013Z] [com.ra.aspect.LogAspect] [http-nio-8181-exec-1] [28] [INFO ] End class com.ra.api.AuthenticationApi.getToken return: <200 OK OK,TokenResponse(token=eyJhbGciOiJIUzUxMiJ9.eyJzdWIiOiJjdXN0b21lciIsImlhdCI6MTY5ODg0Njc5MywiZXhwIjoxNjk4ODQ2OTEzfQ.gYU6gO3zunCRwW-1DNVYjVYq5g-1DEuMTcY-TJ7NblAQk6HeZ8p4kBzJhuYFEW7ld0zkk7fNi26Di4D3BR-V9g, tokenType=Bearer),[]>
[2023-11-01T20:56:24.024Z] [com.ra.aspect.LogAspect] [http-nio-8181-exec-7] [23] [INFO ] Start class com.ra.api.AuthenticationApi.getToken with params: [TokenRequest(username=customer, password=123456)]
[2023-11-01T20:56:25.025Z] [com.ra.aspect.LogAspect] [http-nio-8181-exec-7] [28] [INFO ] End class com.ra.api.AuthenticationApi.getToken return: <200 OK OK,TokenResponse(token=eyJhbGciOiJIUzUxMiJ9.eyJzdWIiOiJjdXN0b21lciIsImlhdCI6MTY5ODg0Njk4NSwiZXhwIjoxNjk4ODQ3MTA1fQ.0xjY_MQKHpBvd8LxIEGRmPLnBETWXzTnelcKyXsbLvIVxB0oxxllkH5blReCYVVx9RK4dtN01yR2MZw26z3syA, tokenType=Bearer),[]>
[2023-11-01T20:56:36.036Z] [com.ra.aspect.LogAspect] [http-nio-8181-exec-10] [23] [INFO ] Start class com.ra.api.AuthenticationApi.getToken with params: [TokenRequest(username=customer, password=123456)]
[2023-11-01T20:56:39.039Z] [com.ra.aspect.LogAspect] [http-nio-8181-exec-10] [28] [INFO ] End class com.ra.api.AuthenticationApi.getToken return: <200 OK OK,TokenResponse(token=eyJhbGciOiJIUzUxMiJ9.eyJzdWIiOiJjdXN0b21lciIsImlhdCI6MTY5ODg0Njk5OSwiZXhwIjoxNjk4ODQ3MTE5fQ.qgPMU3vtF4TQBNNTHEIXgMohDTdjKAf4Bvk2E3jwXzd6HURngzFTzPRla2kTwAp0pPMYJJwzmTHGkonozcBSyw, tokenType=Bearer),[]>
[2023-11-01T21:04:06.006Z] [org.springframework.orm.jpa.AbstractEntityManagerFactoryBean] [SpringApplicationShutdownHook] [651] [INFO ] Closing JPA EntityManagerFactory for persistence unit 'default'
[2023-11-01T21:04:07.007Z] [com.zaxxer.hikari.HikariDataSource] [SpringApplicationShutdownHook] [350] [INFO ] HikariPool-1 - Shutdown initiated...
[2023-11-01T21:04:12.012Z] [com.zaxxer.hikari.HikariDataSource] [SpringApplicationShutdownHook] [352] [INFO ] HikariPool-1 - Shutdown completed.
